0 0
0 0
0 0
0 0

0 0
0 0
0 
0 
0 
1 1 
0 0
0 0

0 



N N 
N 
N 

N N 
0 0 0
0 0 0
-1
-1
1 7 
0 
0 
0 0
0 0
N 
0 
N 
-1
-1
-1
-1
1 1
0 1
0 
0 
-1
-1
-1
-1
s0 
s0 
1 1
0 1
0 
g14 
0 
s0 
s0 
0 
1 1
0 1
s0 
N N 
0 
-1
-1
N N 
N N 
N N 
0 
-1
-1
N g17 
-1
-1
-1
-1
0 
0 
0 0 0
0 0 0
0 0 0
0 0 0

0 
0 
0 

N g25 
N 
0 
-1
-1
0 0
0 0
0 0
0 0
0 
0 

0 0
0 0
0 
0 

0 

0 0
0 0
0 0
0 0
N N 
N N 
-1
-1
g29 N 
-1
-1
-1
-1
-1
-1
g29 s0 
0 
0 0
0 0
0 


0 



s0 
0 
0 
1 1
0 1
1 1
0 1

0 1 1
0 1 1
g35 
0 0 0
0 0 0
0 
g35 



0 0 0
0 0 0
0 
0 
1 37 
0 0
0 0
N N 
1 37 
0 0
0 0
N N 
0 0
0 0
0 0
0 0
0 0
0 0

0 0
0 0




0 0
0 0
-1
-1
0 
0 
0 
0 
-1
-1
g42 N 
-1
-1
-1
-1
-1
-1

N N 
N 
0 
0 
0 0 0
0 0 0
0 
-1
-1

-1
-1
1 52 
g42 
-1
-1
-1
-1
0 
0 
0 
0 
N 
-1
-1
-1
-1
-1
-1
0 
s0 N 

g56 
0 
-1
-1
0 
N 
-1
-1
-1
-1
N 
s0 s0 
s0 
-1
-1
-1
-1
N 
-1
-1
1 58 
N N 
-1
-1
0 
0 
-1
-1

0 
N 
N N 
-1
-1
1 52 
0 
s0 s0 

0 
-1
-1
-1
-1
0 
-1
-1

-1
-1

0 
0 

0 
-1
-1
0 
N N 

0 
0 
0 
1 1 0 1
0 0 0 1
-1
-1
N s0 
0 
0 
N s0 

1 82 
0 0 0
0 0 0
N s0 
-1
-1
-1
-1
s0 
N s0 
1 76 
0 

N g80 
0 
-1
-1
-1
-1
s0 
-1
-1
0 
0 
-1
-1
1 81 
-1
-1

0 
-1
-1
s0 N 
0 

0 0 2
0 0 2
N s0 
1 84 
0 
0 
-1
-1
s0 

-1
-1
0 
0 
N s0 
1 93 
-1
-1
-1
-1
0 
s0 
0 
0 

0 

-1
-1
s0 
0 
0 0 0
0 0 0
-1
-1
1 0 1
0 0 1
0 
-1
-1
1 0 1
0 0 1
0 
0 
-1
-1
0 
-1
-1
1 0 0 1
1 0 0 1
1 1
0 1
0 
0 0
0 0
1 84 
1 0 1 0 1 1 1 1 0 2
0 0 0 0 0 0 1 0 1 2
0 
0 
N 
g79 
0 
-1
-1
0 
0 
0 
0 
0 
-1
-1
1 1
0 1
1 114 
-1
-1

0 
1 1 0 0 1
0 0 0 0 1
0 
-1
-1
0 

0 
s0 

0 
-1
-1
0 
-1
-1
-1
-1
0 
0 
0 
0 



0 0 0
0 0 0

0 
0 
N N 
0 
s0 g116 

1 118 
-1
-1
1 0 1 0 1 0 0 0 1
0 0 0 0 0 0 0 0 1
-1
-1


0 0
0 0

2 103 118 
s0 g114 
0 0 0
0 0 0
0 
0 
0 
1 114 
-1
-1
g117 
-1
-1
s0 N 
0 
1 103 
-1
-1
0 
0 
0 
s0 
-1
-1
-1
-1
-1
-1
0 
-1
-1
-1
-1
0 
0 
0 1 1
0 0 1
s0 
0 
-1
-1
s0 
1 103 
1 1
0 1
0 
0 
N g103 
N g103 
-1
-1
1 103 


N g103 

-1
-1
0 
0 
-1
-1
-1
-1
0 
N N 
N N 
N 
0 
-1
-1
s0 N 
0 
s0 N 
-1
-1
-1
-1
s0 s0 
0 
1 141 
N g140 
0 
N 
N 
0 
0 
-1
-1
s0 s0 
s0 s0 
-1
-1
0 
N s0 
1 144 
-1
-1
-1
-1
0 
-1
-1
N 
N 
1 147 
1 147 
N 
0 

-1
-1

-1
-1
-1
-1
-1
-1
g141 s0 
1 1
0 1
g148 
N g148 
-1
-1
g146 
0 


1 153 
N 
N 
1 153 
0 


-1
-1
-1
-1
N 
-1
-1
-1
-1
0 
1 1
0 1
N 
0 
0 1 1 1
0 0 0 1
0 0
0 0
-1
-1
s0 
0 0
0 0
0 0
0 0
0 
-1
-1
s0 
N N 
g158 N 
0 
-1
-1
N s0 
0 
N N 
g154 
-1
-1
-1
-1
0 
1 153 
0 
N 
g167 
s0 
N N 
0 
-1
-1
0 
0 
0 
N 
N 
0 
0 
s0 
-1
-1

0 
0 
N 
-1
-1
0 
-1
-1
N 

0 
0 
N N 
0 
0 
N N 
-1
-1
0 
-1
-1
N 
s0 
N s0 
0 
0 
-1
-1
-1
-1
-1
-1
N N 
N 
-1
-1
-1
-1
-1
-1
N N 
-1
-1
0 
0 
s0 
0 
0 
-1
-1
-1
-1
0 
1 191 
s0 N 
0 
-1
-1
0 
-1
-1
-1
-1
-1
-1
N g175 
0 
0 
g179 g191 
1 191 
N 
0 0 1 1 1
0 0 0 0 1
s0 
1 191 
g179 g191 


-1
-1
0 
-1
-1
g179 g191 
g179 g191 
1 1 1
0 0 1
N 
-1
-1
-1
-1
-1
-1
-1
-1
N N 
-1
-1
-1
-1
-1
-1
N 
N 
s0 g203 
0 
-1
-1
0 
-1
-1
-1
-1
-1
-1
1 1 1
0 0 1
1 1 1 1
0 0 0 1
1 1 2
1 0 2
s0 g202 
s0 s0 
1 1 1 1
0 0 0 1
s0 
1 1 1
0 0 1
s0 s0 
g202 
g202 
-1
-1
1 1
0 1
-1
-1
N 
N 
N s0 
N 
0 
-1
-1
0 0 0
0 0 0
g213 s0 
1 213 
-1
-1
-1
-1
0 
0 
s0 N 
-1
-1
g217 N 
1 217 
1 217 
1 217 
g217 N 
-1
-1
g217 N 
1 217 
-1
-1
0 
N 
-1
-1
0 
0 
-1
-1
N 
N 
0 
0 
0 
-1
-1
g219 
1 219 
0 
0 
N N 
g219 
1 219 
0 
-1
-1
0 
g223 
1 218 
-1
-1
-1
-1
0 
-1
-1
-1
-1
-1
-1
-1
-1
0 
N N 
-1
-1
-1
-1
-1
-1
0 
1 1 1
0 0 1
-1
-1
0 
0 
N N 
0 
0 
-1
-1
-1
-1
N 


0 


0 0
0 0
0 0 0
0 0 0
-1
-1
-1
-1
0 
s0 N 
0 

0 1 1 1
0 0 0 1
-1
-1
-1
-1
-1
-1
0 
-1
-1
1 228 
N 
s0 N 

N s0 
0 


1 228 
-1
-1
N N 
-1
-1
-1
-1
-1
-1
N s0 
g232 N 
0 
0 
-1
-1

-1
-1
0 
-1
-1
-1
-1

-1
-1
-1
-1



1 229 
N 
-1
-1
0 

g249 s0 
1 0 0 1
0 0 0 1
N N 
0 
-1
-1
0 0
0 0

N s0 

-1
-1

0 0 1 1 0 1 1
0 0 1 1 0 1 1
g244 s0 
1 239 
g245 s0 
0 
g244 s0 
0 
-1
-1
0 0 1 0 0 0 1
0 0 1 0 0 0 1

0 
1 1
1 1
0 0
0 0
g245 s0 
0 0 0
0 0 0

0 
-1
-1
-1
-1
0 
N N 
0 
g239 s0 
g239 s0 

0 0 1 0 2
0 0 0 0 2
0 
g244 s0 
N 
-1
-1
s0 N 
0 
-1
-1


0 
-1
-1
N 

-1
-1
N 
N N 
-1
-1
s0 N 
-1
-1
-1
-1

-1
-1
1 258 
0 
-1
-1

g270 
s0 
s0 

-1
-1
-1
-1
-1
-1
0 0
0 0
-1
-1

-1
-1
0 
-1
-1
-1
-1
1 268 
1 268 
-1
-1
s0 
-1
-1
-1
-1
s0 
s0 

N N 
-1
-1
s0 N 
0 1 0 1 1
0 0 0 0 1
0 
0 
-1
-1
-1
-1
0 
g266 
1 265 
-1
-1
-1
-1
0 1 0 1 0 1 0 2
0 1 0 0 0 0 0 2
0 
0 
-1
-1


0 0
0 0
0 

0 
0 
-1
-1
0 
N 


0 0
0 0

0 
s0 N 


0 0
0 0
0 


-1
-1

-1
-1
-1
-1

N 
N 
N 
-1
-1
N 
-1
-1
0 
1 1 1 1 1
0 0 0 0 1
0 
0 0
0 0

0 0 0 0 0
0 0 0 0 0

N N 
0 
0 
-1
-1
N 
0 
0 
0 0 0 0
0 0 0 0


0 0 0
0 0 0

0 
0 
0 
0 

0 
-1
-1
-1
-1
N 
-1
-1
0 
-1
-1
-1
-1
s0 
0 
-1
-1
0 
0 
s0 
0 
N N 
0 0 0 0 0
0 0 0 0 0
-1
-1
1 304 
N g308 
0 
-1
-1
-1
-1
-1
-1
g306 g306 
-1
-1
0 
-1
-1

0 
s0 N 
-1
-1
0 
-1
-1
-1
-1
-1
-1
-1
-1
-1
-1
N s0 
-1
-1
s0 N 
-1
-1
-1
-1
0 
-1
-1
N N 
-1
-1
-1
-1
0 
0 
-1
-1
-1
-1
-1
-1
-1
-1
N N 
-1
-1
1 311 
g308 g317 
N g300 
N g300 
-1
-1
N N 
2 300 308 
-1
-1
N 

0 
0 
-1
-1
-1
-1
-1
-1
-1
-1
N 

0 


0 
-1
-1
0 
N 

g317 s0 
-1
-1
N g315 
-1
-1
-1
-1
-1
-1
-1
-1
-1
-1
N s0 
-1
-1
-1
-1
0 
s0 
-1
-1
0 
-1
-1
-1
-1
-1
-1

-1
-1
-1
-1
0 
-1
-1

0 
0 
0 
g329 s0 
N s0 
1 324 
0 
0 
1 0 0 1
0 0 0 1
0 
-1
-1
0 

0 

0 1 0 1 1 1 0 0 0 1
0 0 0 0 1 1 0 0 0 1
0 
0 

0 
-1
-1
g315 
-1
-1
-1
-1
0 
-1
-1
0 

2 324 343 
0 
-1
-1
0 1 1 1 0 1
0 1 1 0 0 1
g337 
g337 
g329 

g329 s0 
g329 
0 
-1
-1
-1
-1
1 324 
0 1 2
1 0 2
0 
0 
0 
0 0 0 0
0 0 0 0

0 
0 
0 

-1
-1
0 
0 


N s0 
N s0 
-1
-1
-1
-1
0 
N 
0 
0 
-1
-1
1 1
0 1
N N 
0 
s0 
N N 
0 
0 
0 



N N 
-1
-1
N N 
0 
0 0
0 0
-1
-1
0 0
0 0

-1
-1
N N 

-1
-1

0 

0 
N N 
-1
-1
g370 
g370 
-1
-1
g370 
s0 s0 
g370 
-1
-1
0 
-1
-1
0 


-1
-1
-1
-1
N 
0 0
0 0
-1
-1


-1
-1
0 
-1
-1
0 0 0
0 0 0
1 1
0 1
0 
1 1
0 1
s0 
1 1
0 1
-1
-1
N 
0 
0 0 0
0 0 0
0 
0 
-1
-1
-1
-1
g384 N 
-1
-1
0 
g384 
N 
s0 
-1
-1
-1
-1
0 
-1
-1
0 

0 
g386 g386 
-1
-1
s0 g386 
1 1 1 1 2
0 1 1 0 2
s0 N 
0 
s0 s0 
0 
-1
-1
-1
-1
s0 s0 
0 
-1
-1
0 
N 
-1
-1
-1
-1
0 
-1
-1
0 
-1
-1
-1
-1
s0 N 
0 
0 
s0 N 
0 0
0 0
s0 N 
-1
-1
0 

0 

0 0 0
0 0 0
0 
0 0 0
0 0 0
0 


0 
0 
-1
-1
1 404 
0 
-1
-1

0 
N g409 
s0 N 
0 
1 404 
0 
-1
-1
0 
N 
N 
-1
-1
0 
N 
-1
-1
-1
-1
-1
-1
N N 
0 0
0 0

N N 
1 417 
1 417 
N g417 
0 
N N 
0 
0 
N N 
0 
N N 
N N 
-1
-1
0 
N N 
s0 s0 
0 
0 
-1
-1
1 419 
0 
